<?xml version="1.0" encoding="UTF-8"?>
<!-- Generated by org.testng.reporters.JUnitReportReporter -->
<testsuite hostname="mail.teknosys.in" failures="0" tests="1" name="RESTAPITesting.BasicAPITesting.TestCase2" time="0.504" errors="0" timestamp="2022-02-06T19:52:45 CST" skipped="0">
  <testcase classname="RESTAPITesting.BasicAPITesting.TestCase2" name="testCase2" time="0.504"/>
  <system-out/>
</testsuite> <!-- RESTAPITesting.BasicAPITesting.TestCase2 -->
